<?xml version="1.0" encoding="UTF-8"?>
<!-- Generated by org.testng.reporters.JUnitXMLReporter -->
<testsuite ignored="0" hostname="DESKTOP-LHK4KF7" failures="1" tests="1" name="RegressionTests" time="29.068" errors="0" timestamp="2025-09-17T17:32:22 IST">
  <testcase classname="RegeressionFrequentlyUsedFunctionality.TC_Regres_Core_04" name="verifyNavigationLinks" time="26.891">
    <failure type="java.lang.AssertionError" message="The following asserts failed:
	Video Tutorials link failed expected [true] but found [false]">
      <![CDATA[java.lang.AssertionError: The following asserts failed:
Video Tutorials link failed expected [true] but found [false]
at RegeressionFrequentlyUsedFunctionality.TC_Regres_Core_04.verifyNavigationLinks(TC_Regres_Core_04.java:85)
at java.base/java.util.ArrayList.forEach(ArrayList.java:1596)
... Removed 27 stack frames]]>
    </failure>
  </testcase> <!-- verifyNavigationLinks -->
</testsuite> <!-- RegressionTests -->
