<?xml version="1.0" encoding="UTF-8"?>
<!-- Generated by org.testng.reporters.JUnitXMLReporter -->
<testsuite ignored="0" hostname="DESKTOP-LHK4KF7" failures="6" tests="12" name="Chrome Test" time="864.1" errors="0" timestamp="2025-09-12T15:36:26 IST">
  <testcase classname="Corebusiness.TC_regr_core_001" name="f" time="63.559"/>
  <testcase classname="Corebusiness.TC_regr_core_002" name="f" time="15.33">
    <failure type="org.openqa.selenium.NoSuchElementException" message="no such element: Unable to locate element: {&amp;quot;method&amp;quot;:&amp;quot;link text&amp;quot;,&amp;quot;selector&amp;quot;:&amp;quot;Logout&amp;quot;}
  (Session info: chrome=139.0.7258.157)
For documentation on this error, please visit: https://www.selenium.dev/documentation/webdriver/troubleshooting/errors#no-such-element-exception
Build info: version: &amp;apos;4.35.0&amp;apos;, revision: &amp;apos;1c58e5028b&amp;apos;
System info: os.name: &amp;apos;Windows 10&amp;apos;, os.arch: &amp;apos;amd64&amp;apos;, os.version: &amp;apos;10.0&amp;apos;, java.version: &amp;apos;21.0.8&amp;apos;
Driver info: org.openqa.selenium.chrome.ChromeDriver
Command: [9e020725d31ed0fa7597aebe96c1c8a3, findElement {value=Logout, using=link text}]
Capabilities {acceptInsecureCerts: false, browserName: chrome, browserVersion: 139.0.7258.157, chrome: {chromedriverVersion: 139.0.7258.154 (9e0d6b2b47f..., userDataDir: C:\Users\Dell\AppData\Local...}, fedcm:accounts: true, goog:chromeOptions: {debuggerAddress: localhost:49730}, networkConnectionEnabled: false, pageLoadStrategy: normal, platformName: windows, proxy: Proxy(), se:cdp: ws://localhost:49730/devtoo..., se:cdpVersion: 139.0.7258.157, setWindowRect: true, strictFileInteractability: false, timeouts: {implicit: 0, pageLoad: 300000, script: 30000}, unhandledPromptBehavior: dismiss and notify, webauthn:extension:credBlob: true, webauthn:extension:largeBlob: true, webauthn:extension:minPinLength: true, webauthn:extension:prf: true, webauthn:virtualAuthenticators: true}
Session ID: 9e020725d31ed0fa7597aebe96c1c8a3">
      <![CDATA[org.openqa.selenium.NoSuchElementException: no such element: Unable to locate element: {"method":"link text","selector":"Logout"}
  (Session info: chrome=139.0.7258.157)
For documentation on this error, please visit: https://www.selenium.dev/documentation/webdriver/troubleshooting/errors#no-such-element-exception
Build info: version: '4.35.0', revision: '1c58e5028b'
System info: os.name: 'Windows 10', os.arch: 'amd64', os.version: '10.0', java.version: '21.0.8'
Driver info: org.openqa.selenium.chrome.ChromeDriver
Command: [9e020725d31ed0fa7597aebe96c1c8a3, findElement {value=Logout, using=link text}]
Capabilities {acceptInsecureCerts: false, browserName: chrome, browserVersion: 139.0.7258.157, chrome: {chromedriverVersion: 139.0.7258.154 (9e0d6b2b47f..., userDataDir: C:\Users\Dell\AppData\Local...}, fedcm:accounts: true, goog:chromeOptions: {debuggerAddress: localhost:49730}, networkConnectionEnabled: false, pageLoadStrategy: normal, platformName: windows, proxy: Proxy(), se:cdp: ws://localhost:49730/devtoo..., se:cdpVersion: 139.0.7258.157, setWindowRect: true, strictFileInteractability: false, timeouts: {implicit: 0, pageLoad: 300000, script: 30000}, unhandledPromptBehavior: dismiss and notify, webauthn:extension:credBlob: true, webauthn:extension:largeBlob: true, webauthn:extension:minPinLength: true, webauthn:extension:prf: true, webauthn:virtualAuthenticators: true}
Session ID: 9e020725d31ed0fa7597aebe96c1c8a3
at org.openqa.selenium.remote.ErrorCodec.decode(ErrorCodec.java:167)
at org.openqa.selenium.remote.codec.w3c.W3CHttpResponseCodec.decode(W3CHttpResponseCodec.java:138)
at org.openqa.selenium.remote.codec.w3c.W3CHttpResponseCodec.decode(W3CHttpResponseCodec.java:50)
at org.openqa.selenium.remote.HttpCommandExecutor.execute(HttpCommandExecutor.java:215)
at org.openqa.selenium.remote.service.DriverCommandExecutor.invokeExecute(DriverCommandExecutor.java:216)
at org.openqa.selenium.remote.service.DriverCommandExecutor.execute(DriverCommandExecutor.java:174)
at org.openqa.selenium.remote.RemoteWebDriver.execute(RemoteWebDriver.java:557)
at org.openqa.selenium.remote.ElementLocation$ElementFinder$2.findElement(ElementLocation.java:165)
at org.openqa.selenium.remote.ElementLocation.findElement(ElementLocation.java:59)
at org.openqa.selenium.remote.RemoteWebDriver.findElement(RemoteWebDriver.java:380)
at org.openqa.selenium.remote.RemoteWebDriver.findElement(RemoteWebDriver.java:374)
at com.Ecomm.pages.LoginPage.logoutDisplayed(LoginPage.java:112)
at Corebusiness.TC_regr_core_002.f(TC_regr_core_002.java:24)
at java.base/java.util.ArrayList.forEach(ArrayList.java:1596)
... Removed 28 stack frames]]>
    </failure>
  </testcase> <!-- f -->
  <testcase classname="Corebusiness.TC_regr_core_003" name="logout" time="36.902"/>
  <testcase classname="Corebusiness.TC_regr_core_004" name="verifyDropDown" time="6.626"/>
  <testcase classname="Corebusiness.TC_regr_core_005" name="verifyBrands" time="187.991">
    <failure type="org.openqa.selenium.TimeoutException" message="java.net.http.HttpTimeoutException: request timed out
Build info: version: &amp;apos;4.35.0&amp;apos;, revision: &amp;apos;1c58e5028b&amp;apos;
System info: os.name: &amp;apos;Windows 10&amp;apos;, os.arch: &amp;apos;amd64&amp;apos;, os.version: &amp;apos;10.0&amp;apos;, java.version: &amp;apos;21.0.8&amp;apos;
Driver info: org.openqa.selenium.chrome.ChromeDriver
Command: [d31a22a697a356815ba6bba0af77949c, clickElement {id=f.0FD69E5949BB11FB5FDB9C1E850445A1.d.6BD66568EF65BB179CCA65E2E4196AF5.e.31}]
Capabilities {acceptInsecureCerts: false, browserName: chrome, browserVersion: 139.0.7258.157, chrome: {chromedriverVersion: 139.0.7258.154 (9e0d6b2b47f..., userDataDir: C:\Users\Dell\AppData\Local...}, fedcm:accounts: true, goog:chromeOptions: {debuggerAddress: localhost:49905}, networkConnectionEnabled: false, pageLoadStrategy: normal, platformName: windows, proxy: Proxy(), se:cdp: ws://localhost:49905/devtoo..., se:cdpVersion: 139.0.7258.157, setWindowRect: true, strictFileInteractability: false, timeouts: {implicit: 0, pageLoad: 300000, script: 30000}, unhandledPromptBehavior: dismiss and notify, webauthn:extension:credBlob: true, webauthn:extension:largeBlob: true, webauthn:extension:minPinLength: true, webauthn:extension:prf: true, webauthn:virtualAuthenticators: true}
Element: [[ChromeDriver: chrome on windows (d31a22a697a356815ba6bba0af77949c)] -&amp;gt; xpath: //a[@href=&amp;apos;/products&amp;apos;]]
Session ID: d31a22a697a356815ba6bba0af77949c">
      <![CDATA[org.openqa.selenium.TimeoutException: java.net.http.HttpTimeoutException: request timed out
Build info: version: '4.35.0', revision: '1c58e5028b'
System info: os.name: 'Windows 10', os.arch: 'amd64', os.version: '10.0', java.version: '21.0.8'
Driver info: org.openqa.selenium.chrome.ChromeDriver
Command: [d31a22a697a356815ba6bba0af77949c, clickElement {id=f.0FD69E5949BB11FB5FDB9C1E850445A1.d.6BD66568EF65BB179CCA65E2E4196AF5.e.31}]
Capabilities {acceptInsecureCerts: false, browserName: chrome, browserVersion: 139.0.7258.157, chrome: {chromedriverVersion: 139.0.7258.154 (9e0d6b2b47f..., userDataDir: C:\Users\Dell\AppData\Local...}, fedcm:accounts: true, goog:chromeOptions: {debuggerAddress: localhost:49905}, networkConnectionEnabled: false, pageLoadStrategy: normal, platformName: windows, proxy: Proxy(), se:cdp: ws://localhost:49905/devtoo..., se:cdpVersion: 139.0.7258.157, setWindowRect: true, strictFileInteractability: false, timeouts: {implicit: 0, pageLoad: 300000, script: 30000}, unhandledPromptBehavior: dismiss and notify, webauthn:extension:credBlob: true, webauthn:extension:largeBlob: true, webauthn:extension:minPinLength: true, webauthn:extension:prf: true, webauthn:virtualAuthenticators: true}
Element: [[ChromeDriver: chrome on windows (d31a22a697a356815ba6bba0af77949c)] -> xpath: //a[@href='/products']]
Session ID: d31a22a697a356815ba6bba0af77949c
at org.openqa.selenium.remote.http.jdk.JdkHttpClient.execute0(JdkHttpClient.java:498)
at org.openqa.selenium.remote.http.AddSeleniumUserAgent.lambda$apply$0(AddSeleniumUserAgent.java:42)
at org.openqa.selenium.remote.http.Filter.lambda$andFinally$1(Filter.java:55)
at org.openqa.selenium.remote.http.jdk.JdkHttpClient.lambda$executeAsync$2(JdkHttpClient.java:387)
at java.base/java.util.concurrent.Executors$RunnableAdapter.call(Executors.java:572)
at java.base/java.util.concurrent.FutureTask.run(FutureTask.java:317)
at java.base/java.util.concurrent.ThreadPoolExecutor.runWorker(ThreadPoolExecutor.java:1144)
at java.base/java.util.concurrent.ThreadPoolExecutor$Worker.run(ThreadPoolExecutor.java:642)
at java.base/java.lang.Thread.run(Thread.java:1583)
Caused by: java.net.http.HttpTimeoutException: request timed out
at java.net.http/jdk.internal.net.http.HttpClientImpl.send(HttpClientImpl.java:953)
at java.net.http/jdk.internal.net.http.HttpClientFacade.send(HttpClientFacade.java:133)
at org.openqa.selenium.remote.http.jdk.JdkHttpClient.execute0(JdkHttpClient.java:459)
... 8 more
]]>
    </failure>
  </testcase> <!-- verifyBrands -->
  <testcase classname="Corebusiness.TC_regr_core_006" name="verifyProduct" time="15.827">
    <failure type="org.openqa.selenium.ElementClickInterceptedException" message="element click intercepted: Element &amp;lt;a href=&amp;quot;/product_details/1&amp;quot; style=&amp;quot;color: brown;&amp;quot;&amp;gt;...&amp;lt;/a&amp;gt; is not clickable at point (626, 667). Other element would receive the click: &amp;lt;iframe id=&amp;quot;aswift_5&amp;quot; name=&amp;quot;aswift_5&amp;quot; browsingtopics=&amp;quot;true&amp;quot; style=&amp;quot;min-height: auto; max-height: none; min-width: auto; max-width: none; width: 728px !important; height: 90px !important; display: block; margin: 0px auto;&amp;quot; sandbox=&amp;quot;allow-forms allow-popups allow-popups-to-escape-sandbox allow-same-origin allow-scripts allow-top-navigation-by-user-activation&amp;quot; width=&amp;quot;728&amp;quot; height=&amp;quot;90&amp;quot; frameborder=&amp;quot;0&amp;quot; marginwidth=&amp;quot;0&amp;quot; marginheight=&amp;quot;0&amp;quot; vspace=&amp;quot;0&amp;quot; hspace=&amp;quot;0&amp;quot; allowtransparency=&amp;quot;true&amp;quot; scrolling=&amp;quot;no&amp;quot; allow=&amp;quot;attribution-reporting; run-ad-auction&amp;quot; src=&amp;quot;https://googleads.g.doubleclick.net/pagead/html/r20250910/r20190131/zrt_lookup_fy2021.html#RS-0-&amp;amp;amp;adk=1812271801&amp;amp;amp;client=ca-pub-1677597403311019&amp;amp;amp;fa=1&amp;amp;amp;ifi=6&amp;amp;amp;uci=a!6&amp;amp;amp;btvi=3&amp;quot; data-google-container-id=&amp;quot;a!6&amp;quot; tabindex=&amp;quot;0&amp;quot; title=&amp;quot;Advertisement&amp;quot; aria-label=&amp;quot;Advertisement&amp;quot; data-google-query-id=&amp;quot;CNmbpYX70o8DFceKrAId5qEEuA&amp;quot; data-load-complete=&amp;quot;true&amp;quot;&amp;gt;&amp;lt;/iframe&amp;gt;
  (Session info: chrome=139.0.7258.157)
Build info: version: &amp;apos;4.35.0&amp;apos;, revision: &amp;apos;1c58e5028b&amp;apos;
System info: os.name: &amp;apos;Windows 10&amp;apos;, os.arch: &amp;apos;amd64&amp;apos;, os.version: &amp;apos;10.0&amp;apos;, java.version: &amp;apos;21.0.8&amp;apos;
Driver info: org.openqa.selenium.chrome.ChromeDriver
Command: [fd7ef737401188676e483385bcaf5171, clickElement {id=f.26DBAB56A8542C0A87A38DE43B2447CA.d.D07495E15030E8C180094CD34065F546.e.65}]
Capabilities {acceptInsecureCerts: false, browserName: chrome, browserVersion: 139.0.7258.157, chrome: {chromedriverVersion: 139.0.7258.154 (9e0d6b2b47f..., userDataDir: C:\Users\Dell\AppData\Local...}, fedcm:accounts: true, goog:chromeOptions: {debuggerAddress: localhost:49992}, networkConnectionEnabled: false, pageLoadStrategy: normal, platformName: windows, proxy: Proxy(), se:cdp: ws://localhost:49992/devtoo..., se:cdpVersion: 139.0.7258.157, setWindowRect: true, strictFileInteractability: false, timeouts: {implicit: 0, pageLoad: 300000, script: 30000}, unhandledPromptBehavior: dismiss and notify, webauthn:extension:credBlob: true, webauthn:extension:largeBlob: true, webauthn:extension:minPinLength: true, webauthn:extension:prf: true, webauthn:virtualAuthenticators: true}
Element: [[ChromeDriver: chrome on windows (fd7ef737401188676e483385bcaf5171)] -&amp;gt; xpath: //a[@href=&amp;apos;/product_details/1&amp;apos;]]
Session ID: fd7ef737401188676e483385bcaf5171">
      <![CDATA[org.openqa.selenium.ElementClickInterceptedException: element click intercepted: Element <a href="/product_details/1" style="color: brown;">...</a> is not clickable at point (626, 667). Other element would receive the click: <iframe id="aswift_5" name="aswift_5" browsingtopics="true" style="min-height: auto; max-height: none; min-width: auto; max-width: none; width: 728px !important; height: 90px !important; display: block; margin: 0px auto;" sandbox="allow-forms allow-popups allow-popups-to-escape-sandbox allow-same-origin allow-scripts allow-top-navigation-by-user-activation" width="728" height="90" frameborder="0" marginwidth="0" marginheight="0" vspace="0" hspace="0" allowtransparency="true" scrolling="no" allow="attribution-reporting; run-ad-auction" src="https://googleads.g.doubleclick.net/pagead/html/r20250910/r20190131/zrt_lookup_fy2021.html#RS-0-&amp;adk=1812271801&amp;client=ca-pub-1677597403311019&amp;fa=1&amp;ifi=6&amp;uci=a!6&amp;btvi=3" data-google-container-id="a!6" tabindex="0" title="Advertisement" aria-label="Advertisement" data-google-query-id="CNmbpYX70o8DFceKrAId5qEEuA" data-load-complete="true"></iframe>
  (Session info: chrome=139.0.7258.157)
Build info: version: '4.35.0', revision: '1c58e5028b'
System info: os.name: 'Windows 10', os.arch: 'amd64', os.version: '10.0', java.version: '21.0.8'
Driver info: org.openqa.selenium.chrome.ChromeDriver
Command: [fd7ef737401188676e483385bcaf5171, clickElement {id=f.26DBAB56A8542C0A87A38DE43B2447CA.d.D07495E15030E8C180094CD34065F546.e.65}]
Capabilities {acceptInsecureCerts: false, browserName: chrome, browserVersion: 139.0.7258.157, chrome: {chromedriverVersion: 139.0.7258.154 (9e0d6b2b47f..., userDataDir: C:\Users\Dell\AppData\Local...}, fedcm:accounts: true, goog:chromeOptions: {debuggerAddress: localhost:49992}, networkConnectionEnabled: false, pageLoadStrategy: normal, platformName: windows, proxy: Proxy(), se:cdp: ws://localhost:49992/devtoo..., se:cdpVersion: 139.0.7258.157, setWindowRect: true, strictFileInteractability: false, timeouts: {implicit: 0, pageLoad: 300000, script: 30000}, unhandledPromptBehavior: dismiss and notify, webauthn:extension:credBlob: true, webauthn:extension:largeBlob: true, webauthn:extension:minPinLength: true, webauthn:extension:prf: true, webauthn:virtualAuthenticators: true}
Element: [[ChromeDriver: chrome on windows (fd7ef737401188676e483385bcaf5171)] -> xpath: //a[@href='/product_details/1']]
Session ID: fd7ef737401188676e483385bcaf5171
at org.openqa.selenium.remote.ErrorCodec.decode(ErrorCodec.java:167)
at org.openqa.selenium.remote.codec.w3c.W3CHttpResponseCodec.decode(W3CHttpResponseCodec.java:138)
at org.openqa.selenium.remote.codec.w3c.W3CHttpResponseCodec.decode(W3CHttpResponseCodec.java:50)
at org.openqa.selenium.remote.HttpCommandExecutor.execute(HttpCommandExecutor.java:215)
at org.openqa.selenium.remote.service.DriverCommandExecutor.invokeExecute(DriverCommandExecutor.java:216)
at org.openqa.selenium.remote.service.DriverCommandExecutor.execute(DriverCommandExecutor.java:174)
at org.openqa.selenium.remote.RemoteWebDriver.execute(RemoteWebDriver.java:557)
at org.openqa.selenium.remote.RemoteWebElement.execute(RemoteWebElement.java:223)
at org.openqa.selenium.remote.RemoteWebElement.click(RemoteWebElement.java:76)
at com.Ecomm.pages.ProductsPage.clickProduct(ProductsPage.java:90)
at Corebusiness.TC_regr_core_006.verifyProduct(TC_regr_core_006.java:19)
at java.base/java.util.ArrayList.forEach(ArrayList.java:1596)
... Removed 28 stack frames]]>
    </failure>
  </testcase> <!-- verifyProduct -->
  <testcase classname="Corebusiness.TC_regr_core_007" name="verifyProduct" time="183.592">
    <failure type="org.openqa.selenium.TimeoutException" message="java.net.http.HttpTimeoutException: request timed out
Build info: version: &amp;apos;4.35.0&amp;apos;, revision: &amp;apos;1c58e5028b&amp;apos;
System info: os.name: &amp;apos;Windows 10&amp;apos;, os.arch: &amp;apos;amd64&amp;apos;, os.version: &amp;apos;10.0&amp;apos;, java.version: &amp;apos;21.0.8&amp;apos;
Driver info: org.openqa.selenium.chrome.ChromeDriver
Command: [54cd312f61a04ce8f78fd1b534f7a0e1, clickElement {id=f.1F36B2AA463CBEEE3E6064B880682B0A.d.8673E27AAAA28A067F3079E301EBA642.e.34}]
Capabilities {acceptInsecureCerts: false, browserName: chrome, browserVersion: 139.0.7258.157, chrome: {chromedriverVersion: 139.0.7258.154 (9e0d6b2b47f..., userDataDir: C:\Users\Dell\AppData\Local...}, fedcm:accounts: true, goog:chromeOptions: {debuggerAddress: localhost:50056}, networkConnectionEnabled: false, pageLoadStrategy: normal, platformName: windows, proxy: Proxy(), se:cdp: ws://localhost:50056/devtoo..., se:cdpVersion: 139.0.7258.157, setWindowRect: true, strictFileInteractability: false, timeouts: {implicit: 0, pageLoad: 300000, script: 30000}, unhandledPromptBehavior: dismiss and notify, webauthn:extension:credBlob: true, webauthn:extension:largeBlob: true, webauthn:extension:minPinLength: true, webauthn:extension:prf: true, webauthn:virtualAuthenticators: true}
Element: [[ChromeDriver: chrome on windows (54cd312f61a04ce8f78fd1b534f7a0e1)] -&amp;gt; xpath: //a[@href=&amp;apos;/products&amp;apos;]]
Session ID: 54cd312f61a04ce8f78fd1b534f7a0e1">
      <![CDATA[org.openqa.selenium.TimeoutException: java.net.http.HttpTimeoutException: request timed out
Build info: version: '4.35.0', revision: '1c58e5028b'
System info: os.name: 'Windows 10', os.arch: 'amd64', os.version: '10.0', java.version: '21.0.8'
Driver info: org.openqa.selenium.chrome.ChromeDriver
Command: [54cd312f61a04ce8f78fd1b534f7a0e1, clickElement {id=f.1F36B2AA463CBEEE3E6064B880682B0A.d.8673E27AAAA28A067F3079E301EBA642.e.34}]
Capabilities {acceptInsecureCerts: false, browserName: chrome, browserVersion: 139.0.7258.157, chrome: {chromedriverVersion: 139.0.7258.154 (9e0d6b2b47f..., userDataDir: C:\Users\Dell\AppData\Local...}, fedcm:accounts: true, goog:chromeOptions: {debuggerAddress: localhost:50056}, networkConnectionEnabled: false, pageLoadStrategy: normal, platformName: windows, proxy: Proxy(), se:cdp: ws://localhost:50056/devtoo..., se:cdpVersion: 139.0.7258.157, setWindowRect: true, strictFileInteractability: false, timeouts: {implicit: 0, pageLoad: 300000, script: 30000}, unhandledPromptBehavior: dismiss and notify, webauthn:extension:credBlob: true, webauthn:extension:largeBlob: true, webauthn:extension:minPinLength: true, webauthn:extension:prf: true, webauthn:virtualAuthenticators: true}
Element: [[ChromeDriver: chrome on windows (54cd312f61a04ce8f78fd1b534f7a0e1)] -> xpath: //a[@href='/products']]
Session ID: 54cd312f61a04ce8f78fd1b534f7a0e1
at org.openqa.selenium.remote.http.jdk.JdkHttpClient.execute0(JdkHttpClient.java:498)
at org.openqa.selenium.remote.http.AddSeleniumUserAgent.lambda$apply$0(AddSeleniumUserAgent.java:42)
at org.openqa.selenium.remote.http.Filter.lambda$andFinally$1(Filter.java:55)
at org.openqa.selenium.remote.http.jdk.JdkHttpClient.lambda$executeAsync$2(JdkHttpClient.java:387)
at java.base/java.util.concurrent.Executors$RunnableAdapter.call(Executors.java:572)
at java.base/java.util.concurrent.FutureTask.run(FutureTask.java:317)
at java.base/java.util.concurrent.ThreadPoolExecutor.runWorker(ThreadPoolExecutor.java:1144)
at java.base/java.util.concurrent.ThreadPoolExecutor$Worker.run(ThreadPoolExecutor.java:642)
at java.base/java.lang.Thread.run(Thread.java:1583)
Caused by: java.net.http.HttpTimeoutException: request timed out
at java.net.http/jdk.internal.net.http.HttpClientImpl.send(HttpClientImpl.java:953)
at java.net.http/jdk.internal.net.http.HttpClientFacade.send(HttpClientFacade.java:133)
at org.openqa.selenium.remote.http.jdk.JdkHttpClient.execute0(JdkHttpClient.java:459)
... 8 more
]]>
    </failure>
  </testcase> <!-- verifyProduct -->
  <testcase classname="Corebusiness.TC_regr_core_008" name="verifyProduct" time="27.452">
    <failure type="org.openqa.selenium.ElementClickInterceptedException" message="element click intercepted: Element &amp;lt;a href=&amp;quot;/product_details/1&amp;quot; style=&amp;quot;color: brown;&amp;quot;&amp;gt;...&amp;lt;/a&amp;gt; is not clickable at point (626, 667). Other element would receive the click: &amp;lt;iframe id=&amp;quot;aswift_3&amp;quot; name=&amp;quot;aswift_3&amp;quot; browsingtopics=&amp;quot;true&amp;quot; style=&amp;quot;min-height: auto; max-height: none; min-width: auto; max-width: none; width: 728px !important; height: 90px !important; display: block; margin: 0px auto;&amp;quot; sandbox=&amp;quot;allow-forms allow-popups allow-popups-to-escape-sandbox allow-same-origin allow-scripts allow-top-navigation-by-user-activation&amp;quot; width=&amp;quot;728&amp;quot; height=&amp;quot;90&amp;quot; frameborder=&amp;quot;0&amp;quot; marginwidth=&amp;quot;0&amp;quot; marginheight=&amp;quot;0&amp;quot; vspace=&amp;quot;0&amp;quot; hspace=&amp;quot;0&amp;quot; allowtransparency=&amp;quot;true&amp;quot; scrolling=&amp;quot;no&amp;quot; allow=&amp;quot;attribution-reporting; run-ad-auction&amp;quot; src=&amp;quot;https://googleads.g.doubleclick.net/pagead/html/r20250910/r20190131/zrt_lookup_fy2021.html#RS-0-&amp;amp;amp;adk=1812271801&amp;amp;amp;client=ca-pub-1677597403311019&amp;amp;amp;fa=1&amp;amp;amp;ifi=4&amp;amp;amp;uci=a!4&amp;amp;amp;btvi=2&amp;quot; data-google-container-id=&amp;quot;a!4&amp;quot; tabindex=&amp;quot;0&amp;quot; title=&amp;quot;Advertisement&amp;quot; aria-label=&amp;quot;Advertisement&amp;quot; data-google-query-id=&amp;quot;COqxr_X70o8DFVNYDwIdZzMjnA&amp;quot; data-load-complete=&amp;quot;true&amp;quot;&amp;gt;&amp;lt;/iframe&amp;gt;
  (Session info: chrome=139.0.7258.157)
Build info: version: &amp;apos;4.35.0&amp;apos;, revision: &amp;apos;1c58e5028b&amp;apos;
System info: os.name: &amp;apos;Windows 10&amp;apos;, os.arch: &amp;apos;amd64&amp;apos;, os.version: &amp;apos;10.0&amp;apos;, java.version: &amp;apos;21.0.8&amp;apos;
Driver info: org.openqa.selenium.chrome.ChromeDriver
Command: [f771d7648835bedff8ebdab63208c5e0, clickElement {id=f.BE26810029027B6C7320D57EB2831583.d.B831D08E3F4A9D54CEDC108CD6E06673.e.80}]
Capabilities {acceptInsecureCerts: false, browserName: chrome, browserVersion: 139.0.7258.157, chrome: {chromedriverVersion: 139.0.7258.154 (9e0d6b2b47f..., userDataDir: C:\Users\Dell\AppData\Local...}, fedcm:accounts: true, goog:chromeOptions: {debuggerAddress: localhost:50130}, networkConnectionEnabled: false, pageLoadStrategy: normal, platformName: windows, proxy: Proxy(), se:cdp: ws://localhost:50130/devtoo..., se:cdpVersion: 139.0.7258.157, setWindowRect: true, strictFileInteractability: false, timeouts: {implicit: 0, pageLoad: 300000, script: 30000}, unhandledPromptBehavior: dismiss and notify, webauthn:extension:credBlob: true, webauthn:extension:largeBlob: true, webauthn:extension:minPinLength: true, webauthn:extension:prf: true, webauthn:virtualAuthenticators: true}
Element: [[ChromeDriver: chrome on windows (f771d7648835bedff8ebdab63208c5e0)] -&amp;gt; xpath: //a[@href=&amp;apos;/product_details/1&amp;apos;]]
Session ID: f771d7648835bedff8ebdab63208c5e0">
      <![CDATA[org.openqa.selenium.ElementClickInterceptedException: element click intercepted: Element <a href="/product_details/1" style="color: brown;">...</a> is not clickable at point (626, 667). Other element would receive the click: <iframe id="aswift_3" name="aswift_3" browsingtopics="true" style="min-height: auto; max-height: none; min-width: auto; max-width: none; width: 728px !important; height: 90px !important; display: block; margin: 0px auto;" sandbox="allow-forms allow-popups allow-popups-to-escape-sandbox allow-same-origin allow-scripts allow-top-navigation-by-user-activation" width="728" height="90" frameborder="0" marginwidth="0" marginheight="0" vspace="0" hspace="0" allowtransparency="true" scrolling="no" allow="attribution-reporting; run-ad-auction" src="https://googleads.g.doubleclick.net/pagead/html/r20250910/r20190131/zrt_lookup_fy2021.html#RS-0-&amp;adk=1812271801&amp;client=ca-pub-1677597403311019&amp;fa=1&amp;ifi=4&amp;uci=a!4&amp;btvi=2" data-google-container-id="a!4" tabindex="0" title="Advertisement" aria-label="Advertisement" data-google-query-id="COqxr_X70o8DFVNYDwIdZzMjnA" data-load-complete="true"></iframe>
  (Session info: chrome=139.0.7258.157)
Build info: version: '4.35.0', revision: '1c58e5028b'
System info: os.name: 'Windows 10', os.arch: 'amd64', os.version: '10.0', java.version: '21.0.8'
Driver info: org.openqa.selenium.chrome.ChromeDriver
Command: [f771d7648835bedff8ebdab63208c5e0, clickElement {id=f.BE26810029027B6C7320D57EB2831583.d.B831D08E3F4A9D54CEDC108CD6E06673.e.80}]
Capabilities {acceptInsecureCerts: false, browserName: chrome, browserVersion: 139.0.7258.157, chrome: {chromedriverVersion: 139.0.7258.154 (9e0d6b2b47f..., userDataDir: C:\Users\Dell\AppData\Local...}, fedcm:accounts: true, goog:chromeOptions: {debuggerAddress: localhost:50130}, networkConnectionEnabled: false, pageLoadStrategy: normal, platformName: windows, proxy: Proxy(), se:cdp: ws://localhost:50130/devtoo..., se:cdpVersion: 139.0.7258.157, setWindowRect: true, strictFileInteractability: false, timeouts: {implicit: 0, pageLoad: 300000, script: 30000}, unhandledPromptBehavior: dismiss and notify, webauthn:extension:credBlob: true, webauthn:extension:largeBlob: true, webauthn:extension:minPinLength: true, webauthn:extension:prf: true, webauthn:virtualAuthenticators: true}
Element: [[ChromeDriver: chrome on windows (f771d7648835bedff8ebdab63208c5e0)] -> xpath: //a[@href='/product_details/1']]
Session ID: f771d7648835bedff8ebdab63208c5e0
at org.openqa.selenium.remote.ErrorCodec.decode(ErrorCodec.java:167)
at org.openqa.selenium.remote.codec.w3c.W3CHttpResponseCodec.decode(W3CHttpResponseCodec.java:138)
at org.openqa.selenium.remote.codec.w3c.W3CHttpResponseCodec.decode(W3CHttpResponseCodec.java:50)
at org.openqa.selenium.remote.HttpCommandExecutor.execute(HttpCommandExecutor.java:215)
at org.openqa.selenium.remote.service.DriverCommandExecutor.invokeExecute(DriverCommandExecutor.java:216)
at org.openqa.selenium.remote.service.DriverCommandExecutor.execute(DriverCommandExecutor.java:174)
at org.openqa.selenium.remote.RemoteWebDriver.execute(RemoteWebDriver.java:557)
at org.openqa.selenium.remote.RemoteWebElement.execute(RemoteWebElement.java:223)
at org.openqa.selenium.remote.RemoteWebElement.click(RemoteWebElement.java:76)
at com.Ecomm.pages.ProductsPage.clickProduct2(ProductsPage.java:94)
at Corebusiness.TC_regr_core_008.verifyProduct(TC_regr_core_008.java:21)
at java.base/java.util.ArrayList.forEach(ArrayList.java:1596)
... Removed 28 stack frames]]>
    </failure>
  </testcase> <!-- verifyProduct -->
  <testcase classname="Corebusiness.TC_regr_core_009" name="verifyProductPriceInProductPage" time="5.892"/>
  <testcase classname="Corebusiness.TC_regr_core_010" name="verifyProduct" time="95.221"/>
  <testcase classname="Corebusiness.TC_regr_core_011" name="verifyCartItemsQuantityAndPrice" time="73.912">
    <failure type="java.lang.AssertionError" message="Test failed due to exception: element click intercepted: Element &amp;lt;a data-product-id=&amp;quot;1&amp;quot; class=&amp;quot;btn btn-default add-to-cart&amp;quot;&amp;gt;...&amp;lt;/a&amp;gt; is not clickable at point (626, 669). Other element would receive the click: &amp;lt;iframe id=&amp;quot;aswift_3&amp;quot; name=&amp;quot;aswift_3&amp;quot; browsingtopics=&amp;quot;true&amp;quot; style=&amp;quot;min-height: auto; max-height: none; min-width: auto; max-width: none; width: 728px !important; height: 90px !important; display: block; margin: 0px auto;&amp;quot; sandbox=&amp;quot;allow-forms allow-popups allow-popups-to-escape-sandbox allow-same-origin allow-scripts allow-top-navigation-by-user-activation&amp;quot; width=&amp;quot;728&amp;quot; height=&amp;quot;90&amp;quot; frameborder=&amp;quot;0&amp;quot; marginwidth=&amp;quot;0&amp;quot; marginheight=&amp;quot;0&amp;quot; vspace=&amp;quot;0&amp;quot; hspace=&amp;quot;0&amp;quot; allowtransparency=&amp;quot;true&amp;quot; scrolling=&amp;quot;no&amp;quot; allow=&amp;quot;attribution-reporting; run-ad-auction&amp;quot; src=&amp;quot;https://googleads.g.doubleclick.net/pagead/html/r20250910/r20190131/zrt_lookup_fy2021.html#RS-0-&amp;amp;amp;adk=1812271801&amp;amp;amp;client=ca-pub-1677597403311019&amp;amp;amp;fa=1&amp;amp;amp;ifi=4&amp;amp;amp;uci=a!4&amp;amp;amp;btvi=2&amp;quot; data-google-container-id=&amp;quot;a!4&amp;quot; tabindex=&amp;quot;0&amp;quot; title=&amp;quot;Advertisement&amp;quot; aria-label=&amp;quot;Advertisement&amp;quot; data-google-query-id=&amp;quot;CITS3K780o8DFWUGgwMdJ7okNg&amp;quot; data-load-complete=&amp;quot;true&amp;quot;&amp;gt;&amp;lt;/iframe&amp;gt;
  (Session info: chrome=139.0.7258.157)
Build info: version: &amp;apos;4.35.0&amp;apos;, revision: &amp;apos;1c58e5028b&amp;apos;
System info: os.name: &amp;apos;Windows 10&amp;apos;, os.arch: &amp;apos;amd64&amp;apos;, os.version: &amp;apos;10.0&amp;apos;, java.version: &amp;apos;21.0.8&amp;apos;
Driver info: org.openqa.selenium.chrome.ChromeDriver
Command: [e2bef4717075c20ac764ce466508af93, clickElement {id=f.25E7C673A2F391A5C489F47D27F88941.d.0BED01BDE3655DCC72B24B0CC5CA9C79.e.50}]
Capabilities {acceptInsecureCerts: false, browserName: chrome, browserVersion: 139.0.7258.157, chrome: {chromedriverVersion: 139.0.7258.154 (9e0d6b2b47f..., userDataDir: C:\Users\Dell\AppData\Local...}, fedcm:accounts: true, goog:chromeOptions: {debuggerAddress: localhost:50320}, networkConnectionEnabled: false, pageLoadStrategy: normal, platformName: windows, proxy: Proxy(), se:cdp: ws://localhost:50320/devtoo..., se:cdpVersion: 139.0.7258.157, setWindowRect: true, strictFileInteractability: false, timeouts: {implicit: 0, pageLoad: 300000, script: 30000}, unhandledPromptBehavior: dismiss and notify, webauthn:extension:credBlob: true, webauthn:extension:largeBlob: true, webauthn:extension:minPinLength: true, webauthn:extension:prf: true, webauthn:virtualAuthenticators: true}
Element: [[ChromeDriver: chrome on windows (e2bef4717075c20ac764ce466508af93)] -&amp;gt; xpath: (//a[contains(text(),&amp;apos;Add to cart&amp;apos;)])[1]]
Session ID: e2bef4717075c20ac764ce466508af93">
      <![CDATA[java.lang.AssertionError: Test failed due to exception: element click intercepted: Element <a data-product-id="1" class="btn btn-default add-to-cart">...</a> is not clickable at point (626, 669). Other element would receive the click: <iframe id="aswift_3" name="aswift_3" browsingtopics="true" style="min-height: auto; max-height: none; min-width: auto; max-width: none; width: 728px !important; height: 90px !important; display: block; margin: 0px auto;" sandbox="allow-forms allow-popups allow-popups-to-escape-sandbox allow-same-origin allow-scripts allow-top-navigation-by-user-activation" width="728" height="90" frameborder="0" marginwidth="0" marginheight="0" vspace="0" hspace="0" allowtransparency="true" scrolling="no" allow="attribution-reporting; run-ad-auction" src="https://googleads.g.doubleclick.net/pagead/html/r20250910/r20190131/zrt_lookup_fy2021.html#RS-0-&amp;adk=1812271801&amp;client=ca-pub-1677597403311019&amp;fa=1&amp;ifi=4&amp;uci=a!4&amp;btvi=2" data-google-container-id="a!4" tabindex="0" title="Advertisement" aria-label="Advertisement" data-google-query-id="CITS3K780o8DFWUGgwMdJ7okNg" data-load-complete="true"></iframe>
  (Session info: chrome=139.0.7258.157)
Build info: version: '4.35.0', revision: '1c58e5028b'
System info: os.name: 'Windows 10', os.arch: 'amd64', os.version: '10.0', java.version: '21.0.8'
Driver info: org.openqa.selenium.chrome.ChromeDriver
Command: [e2bef4717075c20ac764ce466508af93, clickElement {id=f.25E7C673A2F391A5C489F47D27F88941.d.0BED01BDE3655DCC72B24B0CC5CA9C79.e.50}]
Capabilities {acceptInsecureCerts: false, browserName: chrome, browserVersion: 139.0.7258.157, chrome: {chromedriverVersion: 139.0.7258.154 (9e0d6b2b47f..., userDataDir: C:\Users\Dell\AppData\Local...}, fedcm:accounts: true, goog:chromeOptions: {debuggerAddress: localhost:50320}, networkConnectionEnabled: false, pageLoadStrategy: normal, platformName: windows, proxy: Proxy(), se:cdp: ws://localhost:50320/devtoo..., se:cdpVersion: 139.0.7258.157, setWindowRect: true, strictFileInteractability: false, timeouts: {implicit: 0, pageLoad: 300000, script: 30000}, unhandledPromptBehavior: dismiss and notify, webauthn:extension:credBlob: true, webauthn:extension:largeBlob: true, webauthn:extension:minPinLength: true, webauthn:extension:prf: true, webauthn:virtualAuthenticators: true}
Element: [[ChromeDriver: chrome on windows (e2bef4717075c20ac764ce466508af93)] -> xpath: (//a[contains(text(),'Add to cart')])[1]]
Session ID: e2bef4717075c20ac764ce466508af93
at Corebusiness.TC_regr_core_011.verifyCartItemsQuantityAndPrice(TC_regr_core_011.java:58)
at java.base/java.util.ArrayList.forEach(ArrayList.java:1596)
... Removed 26 stack frames]]>
    </failure>
  </testcase> <!-- verifyCartItemsQuantityAndPrice -->
  <testcase classname="Corebusiness.TC_regr_core_012" name="verifyCartItemsCanBeUpdatedOrRemoved" time="74.445"/>
</testsuite> <!-- Chrome Test -->
