<?xml version="1.0" encoding="UTF-8"?>
<!-- Generated by org.testng.reporters.JUnitXMLReporter -->
<testsuite ignored="0" hostname="DSP" failures="1" tests="1" name="Chrome Test" time="147.398" errors="0" timestamp="2025-09-08T22:50:47 IST">
  <testcase classname="CartPage.TC_ECOM_Cart_17" name="verifyRemoveFromCartButton" time="136.902">
    <failure type="java.lang.AssertionError" message="Remove from cart failed!">
      <![CDATA[java.lang.AssertionError: Remove from cart failed!
at CartPage.TC_ECOM_Cart_17.verifyRemoveFromCartButton(TC_ECOM_Cart_17.java:47)
at java.base/java.util.ArrayList.forEach(ArrayList.java:1596)
... Removed 26 stack frames]]>
    </failure>
  </testcase> <!-- verifyRemoveFromCartButton -->
</testsuite> <!-- Chrome Test -->
