<?xml version="1.0" encoding="UTF-8"?>
<testng-results ignored="0" total="1" passed="1" failed="0" skipped="0">
  <reporter-output>
  </reporter-output>
  <suite started-at="2025-09-08T22:52:31 IST" name="Default suite" finished-at="2025-09-08T22:53:17 IST" duration-ms="45677">
    <groups>
    </groups>
    <test started-at="2025-09-08T22:52:31 IST" name="Default test" finished-at="2025-09-08T22:53:17 IST" duration-ms="45677">
      <class name="CartPage.TC_ECOM_Cart_17">
        <test-method is-config="true" signature="setUp()[pri:0, instance:CartPage.TC_ECOM_Cart_17@43c1b556]" started-at="2025-09-08T22:52:31 IST" name="setUp" finished-at="2025-09-08T22:52:34 IST" duration-ms="2303" status="PASS">
          <reporter-output>
          </reporter-output>
        </test-method> <!-- setUp -->
        <test-method signature="verifyRemoveFromCartButton()[pri:0, instance:CartPage.TC_ECOM_Cart_17@43c1b556]" started-at="2025-09-08T22:52:34 IST" name="verifyRemoveFromCartButton" finished-at="2025-09-08T22:53:16 IST" duration-ms="42666" status="PASS">
          <reporter-output>
          </reporter-output>
        </test-method> <!-- verifyRemoveFromCartButton -->
        <test-method is-config="true" signature="tearDown()[pri:0, instance:CartPage.TC_ECOM_Cart_17@43c1b556]" started-at="2025-09-08T22:53:16 IST" name="tearDown" finished-at="2025-09-08T22:53:17 IST" duration-ms="673" status="PASS">
          <reporter-output>
          </reporter-output>
        </test-method> <!-- tearDown -->
      </class> <!-- CartPage.TC_ECOM_Cart_17 -->
    </test> <!-- Default test -->
  </suite> <!-- Default suite -->
</testng-results>
