<?xml version="1.0" encoding="UTF-8"?>
<testng-results ignored="0" total="1" passed="1" failed="0" skipped="0">
  <reporter-output>
  </reporter-output>
  <suite started-at="2025-09-04T14:06:48 IST" name="Ecomm Registration Suite" finished-at="2025-09-04T14:07:08 IST" duration-ms="20599">
    <groups>
    </groups>
    <test started-at="2025-09-04T14:06:48 IST" name="Chrome Test" finished-at="2025-09-04T14:07:08 IST" duration-ms="20599">
      <class name="Subscription.TC_ECOM_subHome_003">
        <test-method is-config="true" signature="setUp()[pri:0, instance:Subscription.TC_ECOM_subHome_003@687e99d8]" started-at="2025-09-04T14:06:48 IST" name="setUp" finished-at="2025-09-04T14:06:50 IST" duration-ms="1873" status="PASS">
          <reporter-output>
          </reporter-output>
        </test-method> <!-- setUp -->
        <test-method signature="verifySubsscription(java.lang.String,java.lang.String)[pri:0, instance:Subscription.TC_ECOM_subHome_003@687e99d8]" started-at="2025-09-04T14:06:50 IST" name="verifySubsscription" data-provider="homePageData" finished-at="2025-09-04T14:07:08 IST" duration-ms="17522" status="PASS">
          <params>
            <param index="0">
              <value>
                <![CDATA[dummy value]]>
              </value>
            </param>
            <param index="1">
              <value>
                <![CDATA[dummy]]>
              </value>
            </param>
          </params>
          <reporter-output>
          </reporter-output>
        </test-method> <!-- verifySubsscription -->
        <test-method is-config="true" signature="tearDown()[pri:0, instance:Subscription.TC_ECOM_subHome_003@687e99d8]" started-at="2025-09-04T14:07:08 IST" name="tearDown" finished-at="2025-09-04T14:07:08 IST" duration-ms="517" status="PASS">
          <reporter-output>
          </reporter-output>
        </test-method> <!-- tearDown -->
      </class> <!-- Subscription.TC_ECOM_subHome_003 -->
    </test> <!-- Chrome Test -->
  </suite> <!-- Ecomm Registration Suite -->
</testng-results>
