<?xml version="1.0" encoding="UTF-8"?>
<testng-results ignored="0" total="1" passed="0" failed="1" skipped="0">
  <reporter-output>
  </reporter-output>
  <suite started-at="2025-09-02T18:42:30 IST" name="Ecomm Registration Suite" finished-at="2025-09-02T18:42:41 IST" duration-ms="11373">
    <groups>
    </groups>
    <test started-at="2025-09-02T18:42:30 IST" name="Chrome Test" finished-at="2025-09-02T18:42:41 IST" duration-ms="11373">
      <class name="RegistrationPageAutomation.TC_ECOM_Reg_026">
        <test-method is-config="true" signature="setupReport()[pri:0, instance:RegistrationPageAutomation.TC_ECOM_Reg_026@1e66f1f5]" started-at="2025-09-02T18:42:29 IST" name="setupReport" finished-at="2025-09-02T18:42:30 IST" duration-ms="254" status="PASS">
          <reporter-output>
          </reporter-output>
        </test-method> <!-- setupReport -->
        <test-method is-config="true" signature="setup(java.lang.String)[pri:0, instance:RegistrationPageAutomation.TC_ECOM_Reg_026@1e66f1f5]" started-at="2025-09-02T18:42:30 IST" name="setup" finished-at="2025-09-02T18:42:32 IST" duration-ms="2583" status="PASS">
          <params>
            <param index="0">
              <value>
                <![CDATA[chrome]]>
              </value>
            </param>
          </params>
          <reporter-output>
          </reporter-output>
        </test-method> <!-- setup -->
        <test-method signature="verifyDateWithMonthInSignupPage()[pri:0, instance:RegistrationPageAutomation.TC_ECOM_Reg_026@1e66f1f5]" started-at="2025-09-02T18:42:32 IST" name="verifyDateWithMonthInSignupPage" finished-at="2025-09-02T18:42:41 IST" duration-ms="8434" status="FAIL">
          <exception class="java.lang.AssertionError">
            <message>
              <![CDATA[Application allowed invalid date-month combination]]>
            </message>
            <full-stacktrace>
              <![CDATA[java.lang.AssertionError: Application allowed invalid date-month combination
at org.testng.Assert.fail(Assert.java:111)
at RegistrationPageAutomation.TC_ECOM_Reg_026.verifyDateWithMonthInSignupPage(TC_ECOM_Reg_026.java:42)
at java.base/jdk.internal.reflect.DirectMethodHandleAccessor.invoke(DirectMethodHandleAccessor.java:103)
at java.base/java.lang.reflect.Method.invoke(Method.java:580)
at org.testng.internal.invokers.MethodInvocationHelper.invokeMethod(MethodInvocationHelper.java:141)
at org.testng.internal.invokers.TestInvoker.invokeMethod(TestInvoker.java:687)
at org.testng.internal.invokers.TestInvoker.invokeTestMethod(TestInvoker.java:230)
at org.testng.internal.invokers.MethodRunner.runInSequence(MethodRunner.java:63)
at org.testng.internal.invokers.TestInvoker$MethodInvocationAgent.invoke(TestInvoker.java:995)
at org.testng.internal.invokers.TestInvoker.invokeTestMethods(TestInvoker.java:203)
at org.testng.internal.invokers.TestMethodWorker.invokeTestMethods(TestMethodWorker.java:154)
at org.testng.internal.invokers.TestMethodWorker.run(TestMethodWorker.java:134)
at java.base/java.util.ArrayList.forEach(ArrayList.java:1596)
at org.testng.TestRunner.privateRun(TestRunner.java:741)
at org.testng.TestRunner.run(TestRunner.java:616)
at org.testng.SuiteRunner.runTest(SuiteRunner.java:421)
at org.testng.SuiteRunner.runSequentially(SuiteRunner.java:413)
at org.testng.SuiteRunner.privateRun(SuiteRunner.java:373)
at org.testng.SuiteRunner.run(SuiteRunner.java:312)
at org.testng.SuiteRunnerWorker.runSuite(SuiteRunnerWorker.java:52)
at org.testng.SuiteRunnerWorker.run(SuiteRunnerWorker.java:95)
at org.testng.TestNG.runSuitesSequentially(TestNG.java:1274)
at org.testng.TestNG.runSuitesLocally(TestNG.java:1208)
at org.testng.TestNG.runSuites(TestNG.java:1112)
at org.testng.TestNG.run(TestNG.java:1079)
at org.testng.remote.AbstractRemoteTestNG.run(AbstractRemoteTestNG.java:115)
at org.testng.remote.RemoteTestNG.initAndRun(RemoteTestNG.java:293)
at org.testng.remote.RemoteTestNG.main(RemoteTestNG.java:91)
]]>
            </full-stacktrace>
          </exception> <!-- java.lang.AssertionError -->
          <reporter-output>
          </reporter-output>
        </test-method> <!-- verifyDateWithMonthInSignupPage -->
        <test-method is-config="true" signature="tearDown()[pri:0, instance:RegistrationPageAutomation.TC_ECOM_Reg_026@1e66f1f5]" started-at="2025-09-02T18:42:41 IST" name="tearDown" finished-at="2025-09-02T18:42:41 IST" duration-ms="318" status="PASS">
          <reporter-output>
          </reporter-output>
        </test-method> <!-- tearDown -->
        <test-method is-config="true" signature="flushReport()[pri:0, instance:RegistrationPageAutomation.TC_ECOM_Reg_026@1e66f1f5]" started-at="2025-09-02T18:42:41 IST" name="flushReport" finished-at="2025-09-02T18:42:42 IST" duration-ms="471" status="PASS">
          <reporter-output>
          </reporter-output>
        </test-method> <!-- flushReport -->
      </class> <!-- RegistrationPageAutomation.TC_ECOM_Reg_026 -->
    </test> <!-- Chrome Test -->
  </suite> <!-- Ecomm Registration Suite -->
</testng-results>
