<?xml version="1.0" encoding="UTF-8"?>
<testng-results ignored="0" total="1" passed="1" failed="0" skipped="0">
  <reporter-output>
  </reporter-output>
  <suite started-at="2025-09-02T16:10:23 IST" name="Ecomm Registration Suite" finished-at="2025-09-02T16:10:41 IST" duration-ms="17668">
    <groups>
    </groups>
    <test started-at="2025-09-02T16:10:23 IST" name="Chrome Test" finished-at="2025-09-02T16:10:41 IST" duration-ms="17668">
      <class name="RegistrationPageAutomation.TC_ECOM_Reg_002">
        <test-method is-config="true" signature="setupReport()[pri:0, instance:RegistrationPageAutomation.TC_ECOM_Reg_002@5fbe4146]" started-at="2025-09-02T16:10:23 IST" name="setupReport" finished-at="2025-09-02T16:10:23 IST" duration-ms="218" status="PASS">
          <reporter-output>
          </reporter-output>
        </test-method> <!-- setupReport -->
        <test-method is-config="true" signature="setup(java.lang.String)[pri:0, instance:RegistrationPageAutomation.TC_ECOM_Reg_002@5fbe4146]" started-at="2025-09-02T16:10:23 IST" name="setup" finished-at="2025-09-02T16:10:25 IST" duration-ms="1639" status="PASS">
          <params>
            <param index="0">
              <value>
                <![CDATA[chrome]]>
              </value>
            </param>
          </params>
          <reporter-output>
          </reporter-output>
        </test-method> <!-- setup -->
        <test-method signature="checkNameField()[pri:0, instance:RegistrationPageAutomation.TC_ECOM_Reg_002@5fbe4146]" started-at="2025-09-02T16:10:25 IST" name="checkNameField" finished-at="2025-09-02T16:10:41 IST" duration-ms="15764" status="PASS">
          <reporter-output>
          </reporter-output>
        </test-method> <!-- checkNameField -->
        <test-method is-config="true" signature="tearDown()[pri:0, instance:RegistrationPageAutomation.TC_ECOM_Reg_002@5fbe4146]" started-at="2025-09-02T16:10:41 IST" name="tearDown" finished-at="2025-09-02T16:10:41 IST" duration-ms="232" status="PASS">
          <reporter-output>
          </reporter-output>
        </test-method> <!-- tearDown -->
        <test-method is-config="true" signature="flushReport()[pri:0, instance:RegistrationPageAutomation.TC_ECOM_Reg_002@5fbe4146]" started-at="2025-09-02T16:10:41 IST" name="flushReport" finished-at="2025-09-02T16:10:41 IST" duration-ms="234" status="PASS">
          <reporter-output>
          </reporter-output>
        </test-method> <!-- flushReport -->
      </class> <!-- RegistrationPageAutomation.TC_ECOM_Reg_002 -->
    </test> <!-- Chrome Test -->
  </suite> <!-- Ecomm Registration Suite -->
</testng-results>
