<?xml version="1.0" encoding="UTF-8"?>
<testng-results ignored="0" total="1" passed="1" failed="0" skipped="0">
  <reporter-output>
  </reporter-output>
  <suite started-at="2025-09-02T13:50:02 IST" name="Suite" finished-at="2025-09-02T13:50:16 IST" duration-ms="14050">
    <groups>
    </groups>
    <test started-at="2025-09-02T13:50:02 IST" name="ChromeTest" finished-at="2025-09-02T13:50:16 IST" duration-ms="14050">
      <class name="TestcaseAutomation.TC_ECOM_Reg_001">
        <test-method is-config="true" signature="beforeSuite()[pri:0, instance:TestcaseAutomation.TC_ECOM_Reg_001@fbd1f6]" started-at="2025-09-02T13:50:02 IST" name="beforeSuite" finished-at="2025-09-02T13:50:02 IST" duration-ms="149" status="PASS">
          <reporter-output>
          </reporter-output>
        </test-method> <!-- beforeSuite -->
        <test-method is-config="true" signature="beforeTest()[pri:0, instance:TestcaseAutomation.TC_ECOM_Reg_001@fbd1f6]" started-at="2025-09-02T13:50:02 IST" name="beforeTest" finished-at="2025-09-02T13:50:02 IST" duration-ms="1" status="PASS">
          <reporter-output>
          </reporter-output>
        </test-method> <!-- beforeTest -->
        <test-method is-config="true" signature="beforeClass()[pri:0, instance:TestcaseAutomation.TC_ECOM_Reg_001@fbd1f6]" started-at="2025-09-02T13:50:02 IST" name="beforeClass" finished-at="2025-09-02T13:50:02 IST" duration-ms="0" status="PASS">
          <reporter-output>
          </reporter-output>
        </test-method> <!-- beforeClass -->
        <test-method is-config="true" signature="beforeMethod(java.lang.String)[pri:0, instance:TestcaseAutomation.TC_ECOM_Reg_001@fbd1f6]" started-at="2025-09-02T13:50:02 IST" name="beforeMethod" finished-at="2025-09-02T13:50:03 IST" duration-ms="1191" status="PASS">
          <params>
            <param index="0">
              <value>
                <![CDATA[chrome]]>
              </value>
            </param>
          </params>
          <reporter-output>
          </reporter-output>
        </test-method> <!-- beforeMethod -->
        <test-method signature="f()[pri:0, instance:TestcaseAutomation.TC_ECOM_Reg_001@fbd1f6]" started-at="2025-09-02T13:50:03 IST" name="f" finished-at="2025-09-02T13:50:16 IST" duration-ms="12619" status="PASS">
          <reporter-output>
          </reporter-output>
        </test-method> <!-- f -->
        <test-method is-config="true" signature="afterMethod()[pri:0, instance:TestcaseAutomation.TC_ECOM_Reg_001@fbd1f6]" started-at="2025-09-02T13:50:16 IST" name="afterMethod" finished-at="2025-09-02T13:50:16 IST" duration-ms="213" status="PASS">
          <reporter-output>
          </reporter-output>
        </test-method> <!-- afterMethod -->
        <test-method is-config="true" signature="afterClass()[pri:0, instance:TestcaseAutomation.TC_ECOM_Reg_001@fbd1f6]" started-at="2025-09-02T13:50:16 IST" name="afterClass" finished-at="2025-09-02T13:50:16 IST" duration-ms="1" status="PASS">
          <reporter-output>
          </reporter-output>
        </test-method> <!-- afterClass -->
        <test-method is-config="true" signature="afterTest()[pri:0, instance:TestcaseAutomation.TC_ECOM_Reg_001@fbd1f6]" started-at="2025-09-02T13:50:16 IST" name="afterTest" finished-at="2025-09-02T13:50:16 IST" duration-ms="0" status="PASS">
          <reporter-output>
          </reporter-output>
        </test-method> <!-- afterTest -->
        <test-method is-config="true" signature="afterSuite()[pri:0, instance:TestcaseAutomation.TC_ECOM_Reg_001@fbd1f6]" started-at="2025-09-02T13:50:16 IST" name="afterSuite" finished-at="2025-09-02T13:50:16 IST" duration-ms="191" status="PASS">
          <reporter-output>
          </reporter-output>
        </test-method> <!-- afterSuite -->
      </class> <!-- TestcaseAutomation.TC_ECOM_Reg_001 -->
    </test> <!-- ChromeTest -->
  </suite> <!-- Suite -->
</testng-results>
